<?xml version="1.0" encoding="UTF-8"?>
<testng-results ignored="0" total="1" passed="1" failed="0" skipped="0">
  <reporter-output>
  </reporter-output>
  <suite started-at="2020-12-09T07:55:27 EST" name="Default suite" finished-at="2020-12-09T07:55:53 EST" duration-ms="25705">
    <groups>
    </groups>
    <test started-at="2020-12-09T07:55:27 EST" name="Default test" finished-at="2020-12-09T07:55:53 EST" duration-ms="25705">
      <class name="kdf.Application">
        <test-method signature="verifyInvalidLogin()[pri:0, instance:kdf.Application@27c86f2d]" started-at="2020-12-09T07:55:27 EST" name="verifyInvalidLogin" finished-at="2020-12-09T07:55:53 EST" duration-ms="25671" status="PASS">
          <reporter-output>
          </reporter-output>
        </test-method> <!-- verifyInvalidLogin -->
      </class> <!-- kdf.Application -->
    </test> <!-- Default test -->
  </suite> <!-- Default suite -->
</testng-results>
